2024-03-16T17:53:21.521Z - Target attributes do not match desired values. Refreshing page...
2024-03-16T17:53:21.521Z - 当前时间为1等待60000s
2024-03-16T17:54:21.861Z - Target attributes do not match desired values. Refreshing page...
2024-03-16T17:54:21.861Z - 当前时间为1等待60000s
2024-03-16T17:55:32.318Z - 当前时间为1等待60000s
2024-03-16T17:55:37.306Z - 当前时间为1等待60000s
2024-03-16T18:06:51.697Z - 当前时间为2等待60000s
2024-03-16T18:06:52.800Z - Email sent successfully:
2024-03-16T18:08:05.809Z - 当前时间为2等待60000s
2024-03-16T18:08:30.726Z - 当前时间为2等待60000s
2024-03-16T18:09:31.979Z - Target attributes do not match desired values. Refreshing page...
2024-03-16T18:09:31.979Z - 当前时间为2等待60000s
2024-03-16T18:10:32.329Z - Target attributes do not match desired values. Refreshing page...
2024-03-16T18:10:32.329Z - 当前时间为2等待60000s
2024-03-16T18:11:22.171Z - 当前时间为2等待1200000s
2024-03-16T18:11:41.945Z - 当前时间为2等待1000s
2024-03-16T18:11:44.292Z - Target attributes match desired values. Sending email...
2024-03-16T18:11:44.292Z - 开始初始化stmp
2024-03-16T18:15:01.037Z - 当前时间为2等待1000s
2024-03-16T18:15:03.310Z - Target attributes match desired values. Sending email...
2024-03-16T18:15:03.310Z - 开始初始化stmp
2024-03-16T18:18:57.490Z - 当前时间为2等待1000s
2024-03-16T18:18:59.737Z - Target attributes match desired values. Sending email...
2024-03-16T18:18:59.737Z - 开始初始化stmpzccwfgmhqhulbjfa
2024-03-16T18:19:01.099Z - Email sent successfully:
